<?xml version="1.0" encoding="UTF-8"?>
<!-- Generated by org.testng.reporters.JUnitXMLReporter -->
<testsuite hostname="Asus-PC" name="logic" tests="11" failures="0" timestamp="7 May 2014 04:50:58 GMT" time="3.603" errors="0">
  <testcase name="addExistantAuthorToExistantBook" time="0.774" classname="springapp.library.test.LogicTest"/>
  <testcase name="addExistantBookToNewOrder" time="1.043" classname="springapp.library.test.LogicTest"/>
  <testcase name="addExistingBookToExistingOrder" time="0.132" classname="springapp.library.test.LogicTest"/>
  <testcase name="addNewCityThroughNewClient" time="0.06" classname="springapp.library.test.LogicTest"/>
  <testcase name="addNewGenreWithExistantBook1" time="0.218" classname="springapp.library.test.LogicTest"/>
  <testcase name="addNewGenreWithExistantBook2" time="0.082" classname="springapp.library.test.LogicTest"/>
  <testcase name="addNewPublisherThroughNewBook" time="0.094" classname="springapp.library.test.LogicTest"/>
  <testcase name="equalityOfBooks" time="0.049" classname="springapp.library.test.LogicTest"/>
  <testcase name="exampleFilter" time="0.098" classname="springapp.library.test.LogicTest"/>
  <testcase name="readOrder" time="0.15" classname="springapp.library.test.LogicTest"/>
  <testcase name="readPushkin" time="0.051" classname="springapp.library.test.LogicTest"/>
</testsuite> <!-- logic -->
